<?xml version="1.0" encoding="UTF-8"?>
<testng-results skipped="0" failed="0" total="0" passed="0">
  <reporter-output>
  </reporter-output>
  <suite name="Demo.selenium.AppTest" duration-ms="7" started-at="2020-10-14T10:49:06Z" finished-at="2020-10-14T10:49:06Z">
    <groups>
    </groups>
    <test name="Command line test" duration-ms="7" started-at="2020-10-14T10:49:06Z" finished-at="2020-10-14T10:49:06Z">
    </test> <!-- Command line test -->
  </suite> <!-- Demo.selenium.AppTest -->
</testng-results>
